<?xml version="1.0" encoding="UTF-8"?>
<!-- Generated by org.testng.reporters.JUnitReportReporter -->
<testsuite hostname="KumarGaurav" failures="0" tests="4" name="feauter.com.TestNGRunner" time="0.235" errors="0" timestamp="2024-05-23T20:02:33 IST" skipped="0">
  <testcase classname="feauter.com.TestNGRunner" name="runScenario" time="0.170"/>
  <testcase classname="feauter.com.TestNGRunner" name="runScenario" time="0.029"/>
  <testcase classname="feauter.com.TestNGRunner" name="runScenario" time="0.011"/>
  <testcase classname="feauter.com.TestNGRunner" name="runScenario" time="0.025"/>
</testsuite> <!-- feauter.com.TestNGRunner -->
