<?xml version="1.0" encoding="UTF-8"?>
<!-- Generated by org.testng.reporters.JUnitReportReporter -->
<testsuite hostname="KumarGaurav" failures="0" tests="1" name="test.day3" time="0.007" errors="0" timestamp="2024-05-23T14:10:04 IST" skipped="0">
  <testcase classname="test.day3" name="testCase" time="0.007"/>
  <system-out/>
</testsuite> <!-- test.day3 -->
