<?xml version="1.0" encoding="UTF-8"?>
<!-- Generated by org.testng.reporters.JUnitReportReporter -->
<testsuite hostname="KumarGaurav" failures="0" tests="2" name="test.day1" time="0.012" errors="0" timestamp="2024-05-21T17:15:33 IST" skipped="0">
  <testcase classname="test.day1" name="m" time="0.006"/>
  <system-out/>
  <testcase classname="test.day1" name="m1" time="0.006"/>
  <system-out/>
</testsuite> <!-- test.day1 -->
