<?xml version="1.0" encoding="UTF-8"?>
<!-- Generated by org.testng.reporters.JUnitReportReporter -->
<testsuite hostname="KumarGaurav" failures="0" tests="2" name="test.TestNG_Priority" time="0.001" errors="0" timestamp="2024-05-23T13:58:40 IST" skipped="1">
  <testcase classname="test.TestNG_Priority" name="test" time="0.001"/>
  <system-out/>
  <testcase classname="test.TestNG_Priority" name="apiMobile">
    <skipped/>
  </testcase> <!-- apiMobile -->
  <system-out/>
</testsuite> <!-- test.TestNG_Priority -->
