<?xml version="1.0" encoding="UTF-8"?>
<!-- Generated by org.testng.reporters.JUnitReportReporter -->
<testsuite hostname="KumarGaurav" failures="0" tests="2" name="day1" time="0.009" errors="0" timestamp="2024-05-21T10:33:49 IST" skipped="0">
  <testcase classname="day1" name="m" time="0.008"/>
  <system-out/>
  <testcase classname="day1" name="m1" time="0.001"/>
  <system-out/>
</testsuite> <!-- day1 -->
