<?xml version="1.0" encoding="UTF-8"?>
<!-- Generated by org.testng.reporters.JUnitReportReporter -->
<testsuite hostname="KumarGaurav" failures="0" tests="1" name="test.day2" time="0.006" errors="0" timestamp="2024-05-23T13:58:40 IST" skipped="0">
  <testcase classname="test.day2" name="mobileLoginCarLoan" time="0.006"/>
  <system-out/>
</testsuite> <!-- test.day2 -->
