<?xml version="1.0" encoding="UTF-8"?>
<!-- Generated by org.testng.reporters.JUnitReportReporter -->
<testsuite hostname="KumarGaurav" failures="0" tests="1" name="kumardemo.ExtentReport.ExtentReportDemo" time="5.938" errors="0" timestamp="2024-05-22T08:21:30 IST" skipped="0">
  <testcase classname="kumardemo.ExtentReport.ExtentReportDemo" name="initalDemo" time="5.938"/>
  <system-out/>
</testsuite> <!-- kumardemo.ExtentReport.ExtentReportDemo -->
